# JRE version: OpenJDK Runtime Environment (17.0.7) (build 17.0.7+0-b2043.56-10550314)
# Java VM: OpenJDK 64-Bit Server VM (17.0.7+0-b2043.56-10550314, mixed mode, tiered, compressed oops, compressed class ptrs, g1 gc, windows-amd64)
GC Precious Log:
 CPUs: 16 total, 16 available
 Memory: 15724M
 Large Page Support: Disabled
 NUMA Support: Disabled
 Compressed Oops: Enabled (32-bit)
 Heap Region Size: 1M
 Heap Min Capacity: 8M
 Heap Initial Capacity: 246M
 Heap Max Capacity: 2G
 Pre-touch: Disabled
 Parallel Workers: 13
 Concurrent Workers: 3
 Concurrent Refinement Workers: 13
 Periodic GC: Disabled
Heap:
 garbage-first heap   total 324608K, used 147855K [0x0000000080000000, 0x0000000100000000)
  region size 1024K, 56 young (57344K), 10 survivors (10240K)
 Metaspace       used 146545K, committed 148416K, reserved 1179648K
  class space    used 20532K, committed 21312K, reserved 1048576K
GC Heap History (20 events):
Event: 229.578 GC heap before
{Heap before GC invocations=77 (full 0):
 garbage-first heap   total 317440K, used 271051K [0x0000000080000000, 0x0000000100000000)
  region size 1024K, 59 young (60416K), 3 survivors (3072K)
 Metaspace       used 142853K, committed 144064K, reserved 1179648K
  class space    used 20039K, committed 20608K, reserved 1048576K
}
Event: 229.583 GC heap after
{Heap after GC invocations=78 (full 0):
 garbage-first heap   total 317440K, used 218569K [0x0000000080000000, 0x0000000100000000)
  region size 1024K, 7 young (7168K), 7 survivors (7168K)
 Metaspace       used 142853K, committed 144064K, reserved 1179648K
  class space    used 20039K, committed 20608K, reserved 1048576K
}
Event: 230.007 GC heap before
{Heap before GC invocations=78 (full 0):
 garbage-first heap   total 317440K, used 270793K [0x0000000080000000, 0x0000000100000000)
  region size 1024K, 59 young (60416K), 7 survivors (7168K)
 Metaspace       used 143992K, committed 145280K, reserved 1179648K
  class space    used 20260K, committed 20864K, reserved 1048576K
}
Event: 230.011 GC heap after
{Heap after GC invocations=79 (full 0):
 garbage-first heap   total 317440K, used 215265K [0x0000000080000000, 0x0000000100000000)
  region size 1024K, 2 young (2048K), 2 survivors (2048K)
 Metaspace       used 143992K, committed 145280K, reserved 1179648K
  class space    used 20260K, committed 20864K, reserved 1048576K
}
Event: 230.834 GC heap before
{Heap before GC invocations=79 (full 0):
 garbage-first heap   total 317440K, used 268513K [0x0000000080000000, 0x0000000100000000)
  region size 1024K, 44 young (45056K), 2 survivors (2048K)
 Metaspace       used 146673K, committed 147904K, reserved 1179648K
  class space    used 20675K, committed 21248K, reserved 1048576K
}
Event: 230.840 GC heap after
{Heap after GC invocations=80 (full 0):
 garbage-first heap   total 317440K, used 229406K [0x0000000080000000, 0x0000000100000000)
  region size 1024K, 4 young (4096K), 4 survivors (4096K)
 Metaspace       used 146673K, committed 147904K, reserved 1179648K
  class space    used 20675K, committed 21248K, reserved 1048576K
}
Event: 231.222 GC heap before
{Heap before GC invocations=80 (full 0):
 garbage-first heap   total 317440K, used 245790K [0x0000000080000000, 0x0000000100000000)
  region size 1024K, 10 young (10240K), 4 survivors (4096K)
 Metaspace       used 146810K, committed 148096K, reserved 1179648K
  class space    used 20696K, committed 21312K, reserved 1048576K
}
Event: 231.228 GC heap after
{Heap after GC invocations=81 (full 0):
 garbage-first heap   total 317440K, used 217243K [0x0000000080000000, 0x0000000100000000)
  region size 1024K, 3 young (3072K), 3 survivors (3072K)
 Metaspace       used 146810K, committed 148096K, reserved 1179648K
  class space    used 20696K, committed 21312K, reserved 1048576K
}
Event: 231.232 GC heap before
{Heap before GC invocations=81 (full 0):
 garbage-first heap   total 317440K, used 229531K [0x0000000080000000, 0x0000000100000000)
  region size 1024K, 4 young (4096K), 3 survivors (3072K)
 Metaspace       used 146810K, committed 148096K, reserved 1179648K
  class space    used 20696K, committed 21312K, reserved 1048576K
}
Event: 231.238 GC heap after
{Heap after GC invocations=82 (full 0):
 garbage-first heap   total 317440K, used 229578K [0x0000000080000000, 0x0000000100000000)
  region size 1024K, 3 young (3072K), 3 survivors (3072K)
 Metaspace       used 146810K, committed 148096K, reserved 1179648K
  class space    used 20696K, committed 21312K, reserved 1048576K
}
Event: 1757.014 GC heap before
{Heap before GC invocations=83 (full 0):
 garbage-first heap   total 398336K, used 274634K [0x0000000080000000, 0x0000000100000000)
  region size 1024K, 43 young (44032K), 3 survivors (3072K)
 Metaspace       used 147009K, committed 148352K, reserved 1179648K
  class space    used 20677K, committed 21312K, reserved 1048576K
}
Event: 1757.021 GC heap after
{Heap after GC invocations=84 (full 0):
 garbage-first heap   total 398336K, used 203926K [0x0000000080000000, 0x0000000100000000)
  region size 1024K, 3 young (3072K), 3 survivors (3072K)
 Metaspace       used 147009K, committed 148352K, reserved 1179648K
  class space    used 20677K, committed 21312K, reserved 1048576K
}
Event: 2630.007 GC heap before
{Heap before GC invocations=84 (full 0):
 garbage-first heap   total 398336K, used 220310K [0x0000000080000000, 0x0000000100000000)
  region size 1024K, 19 young (19456K), 3 survivors (3072K)
 Metaspace       used 147063K, committed 148352K, reserved 1179648K
  class space    used 20677K, committed 21312K, reserved 1048576K
}
Event: 2630.013 GC heap after
{Heap after GC invocations=85 (full 0):
 garbage-first heap   total 398336K, used 164436K [0x0000000080000000, 0x0000000100000000)
  region size 1024K, 1 young (1024K), 1 survivors (1024K)
 Metaspace       used 147063K, committed 148352K, reserved 1179648K
  class space    used 20677K, committed 21312K, reserved 1048576K
}
Event: 3609.429 GC heap before
{Heap before GC invocations=85 (full 0):
 garbage-first heap   total 398336K, used 182868K [0x0000000080000000, 0x0000000100000000)
  region size 1024K, 19 young (19456K), 1 survivors (1024K)
 Metaspace       used 147084K, committed 148352K, reserved 1179648K
  class space    used 20677K, committed 21312K, reserved 1048576K
}
Event: 3609.444 GC heap after
{Heap after GC invocations=86 (full 0):
 garbage-first heap   total 398336K, used 146965K [0x0000000080000000, 0x0000000100000000)
  region size 1024K, 1 young (1024K), 1 survivors (1024K)
 Metaspace       used 147084K, committed 148352K, reserved 1179648K
  class space    used 20677K, committed 21312K, reserved 1048576K
}
Event: 4316.115 GC heap before
{Heap before GC invocations=86 (full 0):
 garbage-first heap   total 398336K, used 161301K [0x0000000080000000, 0x0000000100000000)
  region size 1024K, 16 young (16384K), 1 survivors (1024K)
 Metaspace       used 147099K, committed 148352K, reserved 1179648K
  class space    used 20677K, committed 21312K, reserved 1048576K
}
Event: 4316.336 GC heap after
{Heap after GC invocations=87 (full 1):
 garbage-first heap   total 324608K, used 92063K [0x0000000080000000, 0x0000000100000000)
  region size 1024K, 0 young (0K), 0 survivors (0K)
 Metaspace       used 145982K, committed 148352K, reserved 1179648K
  class space    used 20454K, committed 21312K, reserved 1048576K
}
Event: 9363.205 GC heap before
{Heap before GC invocations=87 (full 1):
 garbage-first heap   total 324608K, used 274335K [0x0000000080000000, 0x0000000100000000)
  region size 1024K, 178 young (182272K), 0 survivors (0K)
 Metaspace       used 146501K, committed 148416K, reserved 1179648K
  class space    used 20530K, committed 21312K, reserved 1048576K
}
Event: 9363.228 GC heap after
{Heap after GC invocations=88 (full 1):
 garbage-first heap   total 324608K, used 101775K [0x0000000080000000, 0x0000000100000000)
  region size 1024K, 10 young (10240K), 10 survivors (10240K)
 Metaspace       used 146501K, committed 148416K, reserved 1179648K
  class space    used 20530K, committed 21312K, reserved 1048576K
}

